#
# There is insufficient memory for the Java Runtime Environment to continue.
# Native memory allocation (mmap) failed to map 268435456 bytes for G1 virtual space
# Possible reasons:
#   The system is out of physical RAM or swap space
#   The process is running with CompressedOops enabled, and the Java Heap may be blocking the growth of the native heap
# Possible solutions:
#   Reduce memory load on the system
#   Increase physical memory or swap space
#   Check if swap backing store is full
#   Decrease Java heap size (-Xmx/-Xms)
#   Decrease number of Java threads
#   Decrease Java thread stack sizes (-Xss)
#   Set larger code cache with -XX:ReservedCodeCacheSize=
#   JVM is running with Zero Based Compressed Oops mode in which the Java heap is
#     placed in the first 32GB address space. The Java Heap base address is the
#     maximum limit for the native heap growth. Please use -XX:HeapBaseMinAddress
#     to set the Java Heap base and to place the Java Heap above 32GB virtual address.
# This output file may be truncated or incomplete.
#
#  Out of Memory Error (os_windows.cpp:3825), pid=15616, tid=8100
#
# JRE version:  (17.0.10) (build )
# Java VM: OpenJDK 64-Bit Server VM (17.0.10+0--11609105, mixed mode, sharing, tiered, compressed oops, compressed class ptrs, g1 gc, windows-amd64)
# No core dump will be written. Minidumps are not enabled by default on client versions of Windows
#

---------------  S U M M A R Y ------------

Command Line: org.jetbrains.kotlin.cli.jvm.K2JVMCompiler @D:\Recursos y proyectos\Aplicaciones\TasksApp\app\build\20241127_8421024137818626876.compiler.options

Host: AMD Ryzen 5 2600 Six-Core Processor            , 12 cores, 15G,  Windows 11 , 64 bit Build 22621 (10.0.22621.3085)
Time: Wed Nov 27 18:51:23 2024 Hora estándar de Argentina elapsed time: 0.013958 seconds (0d 0h 0m 0s)

---------------  T H R E A D  ---------------

Current thread (0x0000024315d7e240):  JavaThread "Unknown thread" [_thread_in_vm, id=8100, stack(0x00000052c4b00000,0x00000052c4c00000)]

Stack: [0x00000052c4b00000,0x00000052c4c00000]
Native frames: (J=compiled Java code, j=interpreted, Vv=VM code, C=native code)
V  [jvm.dll+0x688de9]
V  [jvm.dll+0x8423da]
V  [jvm.dll+0x84401e]
V  [jvm.dll+0x844683]
V  [jvm.dll+0x24be0f]
V  [jvm.dll+0x685bb9]
V  [jvm.dll+0x67a46a]
V  [jvm.dll+0x30cbab]
V  [jvm.dll+0x314056]
V  [jvm.dll+0x363dce]
V  [jvm.dll+0x363fff]
V  [jvm.dll+0x2e2978]
V  [jvm.dll+0x2e38e4]
V  [jvm.dll+0x812f71]
V  [jvm.dll+0x371c81]
V  [jvm.dll+0x7f1ac6]
V  [jvm.dll+0x3f58df]
V  [jvm.dll+0x3f7511]
C  [jli.dll+0x528f]
C  [ucrtbase.dll+0x29363]
C  [KERNEL32.DLL+0x1257d]
C  [ntdll.dll+0x5aa58]


---------------  P R O C E S S  ---------------

Threads class SMR info:
_java_thread_list=0x00007ffa0b4cef58, length=0, elements={
}

Java Threads: ( => current thread )

Other Threads:
  0x0000024315deadd0 GCTaskThread "GC Thread#0" [stack: 0x00000052c4c00000,0x00000052c4d00000] [id=8880]
  0x0000024315dfc400 ConcurrentGCThread "G1 Main Marker" [stack: 0x00000052c4d00000,0x00000052c4e00000] [id=12688]
  0x0000024315dfce20 ConcurrentGCThread "G1 Conc#0" [stack: 0x00000052c4e00000,0x00000052c4f00000] [id=16232]

[error occurred during error reporting (printing all threads), id 0xc0000005, EXCEPTION_ACCESS_VIOLATION (0xc0000005) at pc=0x00007ffa0ac83547]

VM state: not at safepoint (not fully initialized)

VM Mutex/Monitor currently owned by a thread:  ([mutex/lock_event])
[0x0000024315d7ab90] Heap_lock - owner thread: 0x0000024315d7e240

Heap address: 0x0000000700c00000, size: 4084 MB, Compressed Oops mode: Zero based, Oop shift amount: 3

CDS archive(s) mapped at: [0x0000000000000000-0x0000000000000000-0x0000000000000000), size 0, SharedBaseAddress: 0x0000000800000000, ArchiveRelocationMode: 1.
Narrow klass base: 0x0000000000000000, Narrow klass shift: 0, Narrow klass range: 0x0

GC Precious Log:
<Empty>

Heap:
 garbage-first heap   total 0K, used 0K [0x0000000700c00000, 0x0000000800000000)
  region size 2048K, 0 young (0K), 0 survivors (0K)
 Metaspace       used 0K, committed 0K, reserved 0K
  class space    used 0K, committed 0K, reserved 0K

Heap Regions: E=young(eden), S=young(survivor), O=old, HS=humongous(starts), HC=humongous(continues), CS=collection set, F=free, OA=open archive, CA=closed archive, TAMS=top-at-mark-start (previous, next)

Card table byte_map: [0x000002432aed0000,0x000002432b6d0000] _byte_map_base: 0x00000243276ca000

Marking Bits (Prev, Next): (CMBitMap*) 0x0000024315deb3f0, (CMBitMap*) 0x0000024315deb430
 Prev Bits: [0x000002432bed0000, 0x000002432fea0000)
 Next Bits: [0x000002432fea0000, 0x0000024333e70000)

GC Heap History (0 events):
No events

Dll operation events (1 events):
Event: 0.008 Loaded shared library C:\Program Files\Android\Android Studio1\jbr\bin\java.dll

Deoptimization events (0 events):
No events

Classes unloaded (0 events):
No events

Classes redefined (0 events):
No events

Internal exceptions (0 events):
No events

VM Operations (0 events):
No events

Events (0 events):
No events


Dynamic libraries:
0x00007ff713c10000 - 0x00007ff713c1a000 	C:\Program Files\Android\Android Studio1\jbr\bin\java.exe
0x00007ffa90550000 - 0x00007ffa90767000 	C:\WINDOWS\SYSTEM32\ntdll.dll
0x00007ffa8f6e0000 - 0x00007ffa8f7a4000 	C:\WINDOWS\System32\KERNEL32.DLL
0x00007ffa8dbf0000 - 0x00007ffa8df96000 	C:\WINDOWS\System32\KERNELBASE.dll
0x00007ffa8d890000 - 0x00007ffa8d9a1000 	C:\WINDOWS\System32\ucrtbase.dll
0x00007ffa7c090000 - 0x00007ffa7c0a7000 	C:\Program Files\Android\Android Studio1\jbr\bin\jli.dll
0x00007ffa4a2b0000 - 0x00007ffa4a2cb000 	C:\Program Files\Android\Android Studio1\jbr\bin\VCRUNTIME140.dll
0x00007ffa8f7b0000 - 0x00007ffa8f95e000 	C:\WINDOWS\System32\USER32.dll
0x00007ffa75800000 - 0x00007ffa75a93000 	C:\WINDOWS\WinSxS\amd64_microsoft.windows.common-controls_6595b64144ccf1df_6.0.22621.2506_none_270c5ae97388e100\COMCTL32.dll
0x00007ffa8dfa0000 - 0x00007ffa8dfc6000 	C:\WINDOWS\System32\win32u.dll
0x00007ffa8f620000 - 0x00007ffa8f6c7000 	C:\WINDOWS\System32\msvcrt.dll
0x00007ffa8ed80000 - 0x00007ffa8eda9000 	C:\WINDOWS\System32\GDI32.dll
0x00007ffa8d9b0000 - 0x00007ffa8dac8000 	C:\WINDOWS\System32\gdi32full.dll
0x00007ffa8dfd0000 - 0x00007ffa8e06a000 	C:\WINDOWS\System32\msvcp_win.dll
0x00007ffa901f0000 - 0x00007ffa90221000 	C:\WINDOWS\System32\IMM32.DLL
0x00007ffa7c290000 - 0x00007ffa7c29c000 	C:\Program Files\Android\Android Studio1\jbr\bin\vcruntime140_1.dll
0x00007ffa4a220000 - 0x00007ffa4a2ad000 	C:\Program Files\Android\Android Studio1\jbr\bin\msvcp140.dll
0x00007ffa0a990000 - 0x00007ffa0b613000 	C:\Program Files\Android\Android Studio1\jbr\bin\server\jvm.dll
0x00007ffa8e460000 - 0x00007ffa8e513000 	C:\WINDOWS\System32\ADVAPI32.dll
0x00007ffa8ee30000 - 0x00007ffa8eed8000 	C:\WINDOWS\System32\sechost.dll
0x00007ffa8dad0000 - 0x00007ffa8daf8000 	C:\WINDOWS\System32\bcrypt.dll
0x00007ffa90230000 - 0x00007ffa90347000 	C:\WINDOWS\System32\RPCRT4.dll
0x00007ffa77c50000 - 0x00007ffa77c59000 	C:\WINDOWS\SYSTEM32\WSOCK32.dll
0x00007ffa8c6e0000 - 0x00007ffa8c72d000 	C:\WINDOWS\SYSTEM32\POWRPROF.dll
0x00007ffa8fb60000 - 0x00007ffa8fbd1000 	C:\WINDOWS\System32\WS2_32.dll
0x00007ffa85680000 - 0x00007ffa8568a000 	C:\WINDOWS\SYSTEM32\VERSION.dll
0x00007ffa85690000 - 0x00007ffa856c4000 	C:\WINDOWS\SYSTEM32\WINMM.dll
0x00007ffa8c6c0000 - 0x00007ffa8c6d3000 	C:\WINDOWS\SYSTEM32\UMPDC.dll
0x00007ffa8c980000 - 0x00007ffa8c998000 	C:\WINDOWS\SYSTEM32\kernel.appcore.dll
0x00007ffa88f60000 - 0x00007ffa88f6a000 	C:\Program Files\Android\Android Studio1\jbr\bin\jimage.dll
0x00007ffa82740000 - 0x00007ffa82973000 	C:\WINDOWS\SYSTEM32\DBGHELP.DLL
0x00007ffa8fd60000 - 0x00007ffa900e9000 	C:\WINDOWS\System32\combase.dll
0x00007ffa8fa60000 - 0x00007ffa8fb37000 	C:\WINDOWS\System32\OLEAUT32.dll
0x00007ffa7cde0000 - 0x00007ffa7ce12000 	C:\WINDOWS\SYSTEM32\dbgcore.DLL
0x00007ffa8db70000 - 0x00007ffa8dbea000 	C:\WINDOWS\System32\bcryptPrimitives.dll
0x00007ffa7ff70000 - 0x00007ffa7ff95000 	C:\Program Files\Android\Android Studio1\jbr\bin\java.dll

dbghelp: loaded successfully - version: 4.0.5 - missing functions: none
symbol engine: initialized successfully - sym options: 0x614 - pdb path: .;C:\Program Files\Android\Android Studio1\jbr\bin;C:\WINDOWS\SYSTEM32;C:\WINDOWS\WinSxS\amd64_microsoft.windows.common-controls_6595b64144ccf1df_6.0.22621.2506_none_270c5ae97388e100;C:\Program Files\Android\Android Studio1\jbr\bin\server

VM Arguments:
java_command: org.jetbrains.kotlin.cli.jvm.K2JVMCompiler @D:\Recursos y proyectos\Aplicaciones\TasksApp\app\build\20241127_8421024137818626876.compiler.options
java_class_path (initial): C:\Users\Rodr1ck\.gradle\caches\modules-2\files-2.1\org.jetbrains.kotlin\kotlin-compiler-embeddable\1.9.0\2c8c3a7402becca891f12739b3e9fd2dc2adbd7a\kotlin-compiler-embeddable-1.9.0.jar;C:\Users\Rodr1ck\.gradle\caches\modules-2\files-2.1\org.jetbrains.kotlin\kotlin-stdlib\1.9.0\8ee15ef0c67dc83d874f412d84378d7f0eb50b63\kotlin-stdlib-1.9.0.jar;C:\Users\Rodr1ck\.gradle\caches\modules-2\files-2.1\org.jetbrains.kotlin\kotlin-script-runtime\1.9.0\4b3102cbbb7e1b58d9d1adf89563f00069ffa7d1\kotlin-script-runtime-1.9.0.jar;C:\Users\Rodr1ck\.gradle\caches\modules-2\files-2.1\org.jetbrains.kotlin\kotlin-reflect\1.6.10\1cbe9c92c12a94eea200d23c2bbaedaf3daf5132\kotlin-reflect-1.6.10.jar;C:\Users\Rodr1ck\.gradle\caches\modules-2\files-2.1\org.jetbrains.kotlin\kotlin-daemon-embeddable\1.9.0\186543f5e28cf8d9a0290fecc2cf34301c40a65c\kotlin-daemon-embeddable-1.9.0.jar;C:\Users\Rodr1ck\.gradle\caches\modules-2\files-2.1\org.jetbrains.intellij.deps\trove4j\1.0.20200330\3afb14d5f9ceb459d724e907a21145e8ff394f02\trove4j-1.0.20200330.jar;C:\Users\Rodr1ck\.gradle\caches\modules-2\files-2.1\org.jetbrains.kotlin\kotlin-stdlib-common\1.9.0\cd65c21cfd1eec4d44ef09f9f52b6d9f8a720636\kotlin-stdlib-common-1.9.0.jar;C:\Users\Rodr1ck\.gradle\caches\modules-2\files-2.1\org.jetbrains\annotations\13.0\919f0dfe192fb4e063e7dacadee7f8bb9a2672a9\annotations-13.0.jar
Launcher Type: SUN_STANDARD

[Global flags]
     intx CICompilerCount                          = 4                                         {product} {ergonomic}
     uint ConcGCThreads                            = 3                                         {product} {ergonomic}
     uint G1ConcRefinementThreads                  = 10                                        {product} {ergonomic}
   size_t G1HeapRegionSize                         = 2097152                                   {product} {ergonomic}
    uintx GCDrainStackTargetSize                   = 64                                        {product} {ergonomic}
   size_t InitialHeapSize                          = 268435456                                 {product} {ergonomic}
   size_t MarkStackSize                            = 4194304                                   {product} {ergonomic}
   size_t MaxHeapSize                              = 4282384384                                {product} {ergonomic}
   size_t MinHeapDeltaBytes                        = 2097152                                   {product} {ergonomic}
   size_t MinHeapSize                              = 8388608                                   {product} {ergonomic}
    uintx NonNMethodCodeHeapSize                   = 5839372                                {pd product} {ergonomic}
    uintx NonProfiledCodeHeapSize                  = 122909434                              {pd product} {ergonomic}
    uintx ProfiledCodeHeapSize                     = 122909434                              {pd product} {ergonomic}
    uintx ReservedCodeCacheSize                    = 251658240                              {pd product} {ergonomic}
     bool SegmentedCodeCache                       = true                                      {product} {ergonomic}
   size_t SoftMaxHeapSize                          = 4282384384                             {manageable} {ergonomic}
     bool UseCompressedClassPointers               = true                           {product lp64_product} {ergonomic}
     bool UseCompressedOops                        = true                           {product lp64_product} {ergonomic}
     bool UseG1GC                                  = true                                      {product} {ergonomic}
     bool UseLargePagesIndividualAllocation        = false                                  {pd product} {ergonomic}

Logging:
Log output configuration:
 #0: stdout all=warning uptime,level,tags
 #1: stderr all=off uptime,level,tags

Environment Variables:
PATH=C:\Program Files (x86)\Common Files\Oracle\Java\javapath;C:\WINDOWS\system32;C:\WINDOWS;C:\WINDOWS\System32\Wbem;C:\WINDOWS\System32\WindowsPowerShell\v1.0\;C:\WINDOWS\System32\OpenSSH\;C:\Program Files\dotnet\;C:\Program Files\nodejs\;C:\ProgramData\chocolatey\bin;C:\Program Files\Microsoft SQL Server\Client SDK\ODBC\170\Tools\Binn\;C:\Program Files (x86)\Microsoft SQL Server\150\Tools\Binn\;C:\Program Files\Microsoft SQL Server\150\Tools\Binn\;C:\Program Files\Microsoft SQL Server\150\DTS\Binn\;C:\Program Files (x86)\Microsoft SQL Server\160\DTS\Binn\;C:\WINDOWS\system32;C:\WINDOWS;C:\WINDOWS\System32\Wbem;C:\WINDOWS\System32\WindowsPowerShell\v1.0\;C:\WINDOWS\System32\OpenSSH\;C:\Program Files\PowerShell\7\;C:\Program Files\Go\bin;C:\Program Files\Git\cmd;C:\Users\Rodr1ck\AppData\Local\Microsoft\WindowsApps;C:\Users\Rodr1ck\AppData\Local\GitHubDesktop\bin;C:\src\flutter\bin;C:\msys64\mingw64\bin;C:\Program Files\MongoDB\Server\5.0\bin;C:\Users\Rodr1ck\go\bin;C:\Program Files\Go;D:\Recursos y proyectos\Goland\bin;C:\Users\Rodr1ck\.dotnet\tools;C:\Users\Rodr1ck\AppData\Roaming\npm;C:\tools\dart-sdk\bin;C:\Users\Rodr1ck\AppData\Roaming\Pub\Cache\bin;C:\Program Files\heroku\bin;C:\Users\Rodr1ck\AppData\Local\Pub\Cache\bin;C:\Users\Rodr1ck\AppData\Local\JetBrains\Toolbox\scripts;C:\Users\Rodr1ck\.dotnet\tools;C:\Program Files\Azure Data Studio\bin;C:\Users\Rodr1ck\AppData\Local\Microsoft\WindowsApps;C:\Users\Rodr1ck\AppData\Local\Android\Sdk\tools;C:\Program Files (x86)\Java\jre1.8.0_351\bin;C:\Users\Rodr1ck\go\bin
USERNAME=Rodr1ck
OS=Windows_NT
PROCESSOR_IDENTIFIER=AMD64 Family 23 Model 8 Stepping 2, AuthenticAMD
TMP=C:\Users\Rodr1ck\AppData\Local\Temp
TEMP=C:\Users\Rodr1ck\AppData\Local\Temp



Periodic native trim disabled

JNI global refs:
JNI global refs: 0, weak refs: 0

JNI global refs memory usage: 0, weak refs: 0

OOME stack traces (most recent first):
Classloader memory used:


---------------  S Y S T E M  ---------------

OS:
 Windows 11 , 64 bit Build 22621 (10.0.22621.3085)
OS uptime: 0 days 6:30 hours
Hyper-V role detected

CPU: total 12 (initial active 12) (12 cores per cpu, 2 threads per core) family 23 model 8 stepping 2 microcode 0x0, cx8, cmov, fxsr, ht, mmx, 3dnowpref, sse, sse2, sse3, ssse3, sse4a, sse4.1, sse4.2, popcnt, lzcnt, tsc, tscinvbit, avx, avx2, aes, clmul, bmi1, bmi2, adx, sha, fma, vzeroupper, clflush, clflushopt, hv
Processor Information for all 12 processors :
  Max Mhz: 3400, Current Mhz: 3400, Mhz Limit: 3400

Memory: 4k page, system-wide physical 16335M (1146M free)
TotalPageFile size 20319M (AvailPageFile size 146M)
current process WorkingSet (physical memory assigned to process): 11M, peak: 11M
current process commit charge ("private bytes"): 64M, peak: 320M

vm_info: OpenJDK 64-Bit Server VM (17.0.10+0--11609105) for windows-amd64 JRE (17.0.10+0--11609105), built on Mar 21 2024 19:10:56 by "androidbuild" with MS VC++ 16.10 / 16.11 (VS2019)

END.
